{"/Users/mkazi/AI-SDK-PROJECTS/projects/06-insight-stream/app/api/chat/route.ts": {"path":"/Users/mkazi/AI-SDK-PROJECTS/projects/06-insight-stream/app/api/chat/route.ts","statementMap":{"0":{"start":{"line":6,"column":0},"end":{"line":6,"column":7}},"1":{"start":{"line":1,"column":0},"end":{"line":1,"column":40}},"2":{"start":{"line":2,"column":0},"end":{"line":2,"column":32}},"3":{"start":{"line":4,"column":13},"end":{"line":4,"column":30}},"4":{"start":{"line":7,"column":23},"end":{"line":7,"column":39}},"5":{"start":{"line":9,"column":17},"end":{"line":12,"column":4}},"6":{"start":{"line":14,"column":2},"end":{"line":14,"column":39}}},"fnMap":{"0":{"name":"POST","decl":{"start":{"line":6,"column":22},"end":{"line":6,"column":26}},"loc":{"start":{"line":6,"column":39},"end":{"line":15,"column":1}}}},"branchMap":{},"s":{"0":1,"1":1,"2":1,"3":1,"4":8,"5":8,"6":8},"f":{"0":8},"b":{}}
,"/Users/mkazi/AI-SDK-PROJECTS/projects/06-insight-stream/app/api/health/route.ts": {"path":"/Users/mkazi/AI-SDK-PROJECTS/projects/06-insight-stream/app/api/health/route.ts","statementMap":{"0":{"start":{"line":5,"column":0},"end":{"line":5,"column":7}},"1":{"start":{"line":1,"column":0},"end":{"line":1,"column":43}},"2":{"start":{"line":3,"column":13},"end":{"line":3,"column":39}},"3":{"start":{"line":6,"column":2},"end":{"line":19,"column":4}}},"fnMap":{"0":{"name":"GET","decl":{"start":{"line":5,"column":22},"end":{"line":5,"column":25}},"loc":{"start":{"line":5,"column":25},"end":{"line":20,"column":1}}}},"branchMap":{"0":{"loc":{"start":{"line":11,"column":15},"end":{"line":11,"column":57}},"type":"binary-expr","locations":[{"start":{"line":11,"column":15},"end":{"line":11,"column":46}},{"start":{"line":11,"column":50},"end":{"line":11,"column":57}}]}},"s":{"0":1,"1":1,"2":1,"3":8},"f":{"0":8},"b":{"0":[8,8]}}
,"/Users/mkazi/AI-SDK-PROJECTS/projects/06-insight-stream/lib/utils.ts": {"path":"/Users/mkazi/AI-SDK-PROJECTS/projects/06-insight-stream/lib/utils.ts","statementMap":{"0":{"start":{"line":4,"column":0},"end":{"line":4,"column":16}},"1":{"start":{"line":1,"column":0},"end":{"line":1,"column":44}},"2":{"start":{"line":2,"column":0},"end":{"line":2,"column":40}},"3":{"start":{"line":5,"column":2},"end":{"line":5,"column":null}}},"fnMap":{"0":{"name":"cn","decl":{"start":{"line":4,"column":16},"end":{"line":4,"column":18}},"loc":{"start":{"line":4,"column":42},"end":{"line":6,"column":1}}}},"branchMap":{},"s":{"0":1,"1":1,"2":1,"3":9},"f":{"0":9},"b":{}}
}
